\BOOKMARK [1][-]{section.1}{\376\377\225\356\230\230\122\006\147\220}{}% 1
\BOOKMARK [1][-]{section.2}{\376\377\133\236\232\214\213\276\213\241\116\016\152\041\127\213\213\276\213\241}{}% 2
\BOOKMARK [2][-]{subsection.2.1}{\376\377\145\160\143\156\162\171\140\047\122\006\147\220\116\016\230\204\131\004\164\006}{section.2}% 3
\BOOKMARK [2][-]{subsection.2.2}{\376\377\171\136\176\317\177\121\176\334\173\227\154\325\133\236\163\260}{section.2}% 4
\BOOKMARK [3][-]{subsubsection.2.2.1}{\376\377\166\321\167\143\133\146\116\140\116\013\166\204\131\032\122\006\174\173\136\372\152\041}{subsection.2.2}% 5
\BOOKMARK [3][-]{subsubsection.2.2.2}{\376\377\171\136\176\317\177\121\176\334\127\372\147\054\123\237\164\006}{subsection.2.2}% 6
\BOOKMARK [3][-]{subsubsection.2.2.3}{\376\377\213\255\176\303\171\136\176\317\177\121\176\334\166\204\127\372\147\054\155\101\172\013}{subsection.2.2}% 7
\BOOKMARK [3][-]{subsubsection.2.2.4}{\376\377\143\137\131\061\121\375\145\160\377\032\116\244\123\311\161\265}{subsection.2.2}% 8
\BOOKMARK [3][-]{subsubsection.2.2.5}{\376\377\213\304\116\367\143\007\150\007\166\204\145\160\133\146\133\232\116\111}{subsection.2.2}% 9
\BOOKMARK [3][-]{subsubsection.2.2.6}{\376\377\213\304\116\367\143\007\150\007\166\204\133\236\226\105\141\017\116\111}{subsection.2.2}% 10
\BOOKMARK [2][-]{subsection.2.3}{\376\377\133\371\153\324\133\236\232\214\213\276\213\241\220\073\217\221}{section.2}% 11
\BOOKMARK [3][-]{subsubsection.2.3.1}{\376\377\152\041\127\213\131\015\147\102\136\246}{subsection.2.3}% 12
\BOOKMARK [3][-]{subsubsection.2.3.2}{\376\377\157\300\155\073\121\375\145\160\133\371\153\324\377\032\121\263\173\126\217\271\165\114\166\204\121\340\117\125\217\336\176\355\140\047}{subsection.2.3}% 13
\BOOKMARK [2][-]{subsection.2.4}{\376\377\121\263\173\126\217\271\165\114\123\357\211\306\123\026}{section.2}% 14
\BOOKMARK [1][-]{section.3}{\376\377\121\166\133\203\122\006\174\173\173\227\154\325}{}% 15
\BOOKMARK [2][-]{subsection.3.1}{\376\377\000K\000N\000N\000\040\173\227\154\325\000\040\000\050\000K\000-\000N\000e\000a\000r\000e\000s\000t\000\040\000N\000e\000i\000g\000h\000b\000o\000r\000s\000\051}{section.3}% 16
\BOOKMARK [3][-]{subsubsection.3.1.1}{\376\377\122\006\174\173\220\073\217\221\116\016\145\160\133\146\210\150\217\276}{subsection.3.1}% 17
\BOOKMARK [3][-]{subsubsection.3.1.2}{\376\377\173\227\154\325\162\171\140\047}{subsection.3.1}% 18
\BOOKMARK [3][-]{subsubsection.3.1.3}{\376\377\121\263\173\126\217\271\165\114\123\357\211\306\123\026}{subsection.3.1}% 19
\BOOKMARK [2][-]{subsection.3.2}{\376\377\000S\000V\000M\000\040\173\227\154\325\000\040\000\050\000S\000u\000p\000p\000o\000r\000t\000\040\000V\000e\000c\000t\000o\000r\000\040\000M\000a\000c\000h\000i\000n\000e\000\051}{section.3}% 20
\BOOKMARK [3][-]{subsubsection.3.2.1}{\376\377\227\136\176\277\140\047\146\040\134\004\116\016\150\070\142\200\135\347\122\250\147\072}{subsection.3.2}% 21
\BOOKMARK [3][-]{subsubsection.3.2.2}{\376\377\136\046\147\011\232\330\145\257\150\070\166\204\117\030\123\026\166\356\150\007}{subsection.3.2}% 22
\BOOKMARK [3][-]{subsubsection.3.2.3}{\376\377\131\032\122\006\174\173\173\126\165\145}{subsection.3.2}% 23
\BOOKMARK [2][-]{subsection.3.3}{\376\377\213\304\116\367\143\007\150\007\166\204\145\160\133\146\133\232\116\111\116\016\133\236\226\105\141\017\116\111}{section.3}% 24
\BOOKMARK [2][-]{subsection.3.4}{\376\377\230\235\131\026\117\030\123\026\176\306\202\202}{section.3}% 25
\BOOKMARK [1][-]{section.4}{\376\377\176\323\147\234}{}% 26
\BOOKMARK [2][-]{subsection.4.1}{\376\377\152\041\127\213\133\271\221\317\133\371\176\323\147\234\166\204\137\161\124\315}{section.4}% 27
\BOOKMARK [3][-]{subsubsection.4.1.1}{\376\377\122\006\174\173\210\150\163\260\116\016\154\333\123\026\140\047\200\375\122\006\147\220}{subsection.4.1}% 28
\BOOKMARK [3][-]{subsubsection.4.1.2}{\376\377\213\255\176\303\172\063\133\232\140\047\116\016\145\066\145\133\162\171\140\047}{subsection.4.1}% 29
\BOOKMARK [3][-]{subsubsection.4.1.3}{\376\377\133\236\232\214\134\017\176\323}{subsection.4.1}% 30
\BOOKMARK [2][-]{subsection.4.2}{\376\377\157\300\155\073\121\375\145\160\133\371\133\236\232\214\176\323\147\234\166\204\137\161\124\315}{section.4}% 31
\BOOKMARK [3][-]{subsubsection.4.2.1}{\376\377\133\236\232\214\145\160\143\156\154\107\140\073}{subsection.4.2}% 32
\BOOKMARK [3][-]{subsubsection.4.2.2}{\376\377\133\236\232\214\176\323\147\234\122\006\147\220\116\016\213\250\213\272}{subsection.4.2}% 33
\BOOKMARK [3][-]{subsubsection.4.2.3}{\376\377\134\017\176\323}{subsection.4.2}% 34
\BOOKMARK [2][-]{subsection.4.3}{\376\377\000K\000N\000N\133\236\232\214\176\323\147\234}{section.4}% 35
\BOOKMARK [3][-]{subsubsection.4.3.1}{\376\377\133\236\232\214\145\160\143\156}{subsection.4.3}% 36
\BOOKMARK [3][-]{subsubsection.4.3.2}{\376\377\121\263\173\126\217\271\165\114\123\357\211\306\123\026}{subsection.4.3}% 37
\BOOKMARK [3][-]{subsubsection.4.3.3}{\376\377\134\017\176\323}{subsection.4.3}% 38
\BOOKMARK [2][-]{subsection.4.4}{\376\377\000S\000V\000M\133\236\232\214\176\323\147\234}{section.4}% 39
\BOOKMARK [3][-]{subsubsection.4.4.1}{\376\377\133\236\232\214\176\323\147\234}{subsection.4.4}% 40
\BOOKMARK [3][-]{subsubsection.4.4.2}{\376\377\121\263\173\126\217\271\165\114\123\357\211\306\123\026}{subsection.4.4}% 41
\BOOKMARK [1][-]{section.5}{\376\377\140\073\176\323}{}% 42
